have_func: checking for rb_block_call() in ruby/ruby.h... -------------------- yes

"gcc -o conftest -I../../../.ext/include/i686-linux -I../../.././include -I../../.././ext/racc/cparse  -D_FILE_OFFSET_BITS=64   -O3 -fno-fast-math -ggdb3 -Wall -Wextra -Wno-unused-parameter -Wno-parentheses -Wno-long-long -Wno-missing-field-initializers -Wunused-variable -Wpointer-arith -Wwrite-strings -Wdeclaration-after-statement -Wimplicit-function-declaration conftest.c  -L. -L../../.. -L. -fstack-protector -rdynamic -Wl,-export-dynamic     -Wl,-R -Wl,/usr/local/lib -L/usr/local/lib -lruby-static  -lpthread -lrt -ldl -lcrypt -lm   -lc"
conftest.c: In function ‘t’:
conftest.c:7:32: warning: variable ‘p’ set but not used [-Wunused-but-set-variable]
checked program was:
/* begin */
 1: #include "ruby.h"
 2: 
 3: #include <ruby/ruby.h>
 4: 
 5: /*top*/
 6: extern int t(void);
 7: int t(void) { void ((*volatile p)()); p = (void ((*)()))rb_block_call; return 0; }
 8: int main(int argc, char **argv)
 9: {
10:   if (argc > 1000000) {
11:     printf("%p", &t);
12:   }
13: 
14:   return 0;
15: }
/* end */

--------------------

extconf.h is:
/* begin */
1: #ifndef EXTCONF_H
2: #define EXTCONF_H
3: #define HAVE_RB_BLOCK_CALL 1
4: #endif
/* end */

