have_library: checking for main() in -lole32... -------------------- no

"gcc -o conftest -I../../.ext/include/i686-linux -I../.././include -I../.././ext/win32ole  -D_FILE_OFFSET_BITS=64   -O3 -fno-fast-math -ggdb3 -Wall -Wextra -Wno-unused-parameter -Wno-parentheses -Wno-long-long -Wno-missing-field-initializers -Wunused-variable -Wpointer-arith -Wwrite-strings -Wdeclaration-after-statement -Wimplicit-function-declaration conftest.c  -L. -L../.. -L. -fstack-protector -rdynamic -Wl,-export-dynamic     -Wl,-R -Wl,/usr/local/lib -L/usr/local/lib -lruby-static -lole32  -lpthread -lrt -ldl -lcrypt -lm   -lc"
conftest.c: In function ‘t’:
conftest.c:5:57: error: ‘main’ undeclared (first use in this function)
conftest.c:5:57: note: each undeclared identifier is reported only once for each function it appears in
conftest.c:5:32: warning: variable ‘p’ set but not used [-Wunused-but-set-variable]
checked program was:
/* begin */
 1: #include "ruby.h"
 2: 
 3: /*top*/
 4: extern int t(void);
 5: int t(void) { void ((*volatile p)()); p = (void ((*)()))main; return 0; }
 6: int main(int argc, char **argv)
 7: {
 8:   if (argc > 1000000) {
 9:     printf("%p", &t);
10:   }
11: 
12:   return 0;
13: }
/* end */

"gcc -o conftest -I../../.ext/include/i686-linux -I../.././include -I../.././ext/win32ole  -D_FILE_OFFSET_BITS=64   -O3 -fno-fast-math -ggdb3 -Wall -Wextra -Wno-unused-parameter -Wno-parentheses -Wno-long-long -Wno-missing-field-initializers -Wunused-variable -Wpointer-arith -Wwrite-strings -Wdeclaration-after-statement -Wimplicit-function-declaration conftest.c  -L. -L../.. -L. -fstack-protector -rdynamic -Wl,-export-dynamic     -Wl,-R -Wl,/usr/local/lib -L/usr/local/lib -lruby-static -lole32  -lpthread -lrt -ldl -lcrypt -lm   -lc"
conftest.c: In function ‘t’:
conftest.c:5:1: warning: implicit declaration of function ‘main’ [-Wimplicit-function-declaration]
/usr/bin/ld: cannot find -lole32
collect2: ld returned 1 exit status
checked program was:
/* begin */
 1: #include "ruby.h"
 2: 
 3: /*top*/
 4: extern int t(void);
 5: int t(void) { main(); return 0; }
 6: int main(int argc, char **argv)
 7: {
 8:   if (argc > 1000000) {
 9:     printf("%p", &t);
10:   }
11: 
12:   return 0;
13: }
/* end */

--------------------

Failed to configure win32ole. It will not be installed.
