"gcc -o conftest -I../../../.ext/include/i686-linux -I../../.././include -I../../.././ext/digest/rmd160 -I../../.././ext/digest/rmd160/..  -D_FILE_OFFSET_BITS=64   -O3 -fno-fast-math -ggdb3 -Wall -Wextra -Wno-unused-parameter -Wno-parentheses -Wno-long-long -Wno-missing-field-initializers -Wunused-variable -Wpointer-arith -Wwrite-strings -Wdeclaration-after-statement -Wimplicit-function-declaration conftest.c  -L. -L../../.. -lssl -lcrypto     -Wl,-R -Wl,/usr/local/lib -L/usr/local/lib -lruby-static  -lpthread -lrt -ldl -lcrypt -lm   -lc"
checked program was:
/* begin */
1: #include "ruby.h"
2: 
3: int main() {return 0;}
/* end */

package configuration for openssl
cflags: 
ldflags: 
libs: -lssl -lcrypto

have_library: checking for main() in -lcrypto... -------------------- yes

"gcc -o conftest -I../../../.ext/include/i686-linux -I../../.././include -I../../.././ext/digest/rmd160 -I../../.././ext/digest/rmd160/..  -D_FILE_OFFSET_BITS=64   -O3 -fno-fast-math -ggdb3 -Wall -Wextra -Wno-unused-parameter -Wno-parentheses -Wno-long-long -Wno-missing-field-initializers -Wunused-variable -Wpointer-arith -Wwrite-strings -Wdeclaration-after-statement -Wimplicit-function-declaration  conftest.c  -L. -L../../.. -L. -fstack-protector -rdynamic -Wl,-export-dynamic      -lssl -lcrypto -Wl,-R -Wl,/usr/local/lib -L/usr/local/lib -lruby-static -lcrypto  -lssl -lcrypto -lpthread -lrt -ldl -lcrypt -lm   -lc"
conftest.c: In function ‘t’:
conftest.c:5:57: error: ‘main’ undeclared (first use in this function)
conftest.c:5:57: note: each undeclared identifier is reported only once for each function it appears in
conftest.c:5:32: warning: variable ‘p’ set but not used [-Wunused-but-set-variable]
checked program was:
/* begin */
 1: #include "ruby.h"
 2: 
 3: /*top*/
 4: extern int t(void);
 5: int t(void) { void ((*volatile p)()); p = (void ((*)()))main; return 0; }
 6: int main(int argc, char **argv)
 7: {
 8:   if (argc > 1000000) {
 9:     printf("%p", &t);
10:   }
11: 
12:   return 0;
13: }
/* end */

"gcc -o conftest -I../../../.ext/include/i686-linux -I../../.././include -I../../.././ext/digest/rmd160 -I../../.././ext/digest/rmd160/..  -D_FILE_OFFSET_BITS=64   -O3 -fno-fast-math -ggdb3 -Wall -Wextra -Wno-unused-parameter -Wno-parentheses -Wno-long-long -Wno-missing-field-initializers -Wunused-variable -Wpointer-arith -Wwrite-strings -Wdeclaration-after-statement -Wimplicit-function-declaration  conftest.c  -L. -L../../.. -L. -fstack-protector -rdynamic -Wl,-export-dynamic      -lssl -lcrypto -Wl,-R -Wl,/usr/local/lib -L/usr/local/lib -lruby-static -lcrypto  -lssl -lcrypto -lpthread -lrt -ldl -lcrypt -lm   -lc"
conftest.c: In function ‘t’:
conftest.c:5:1: warning: implicit declaration of function ‘main’ [-Wimplicit-function-declaration]
checked program was:
/* begin */
 1: #include "ruby.h"
 2: 
 3: /*top*/
 4: extern int t(void);
 5: int t(void) { main(); return 0; }
 6: int main(int argc, char **argv)
 7: {
 8:   if (argc > 1000000) {
 9:     printf("%p", &t);
10:   }
11: 
12:   return 0;
13: }
/* end */

--------------------

have_func: checking for RMD160_Transform() in openssl/ripemd.h with -Werror=deprecated-declarations... -------------------- no

"gcc -o conftest -I../../../.ext/include/i686-linux -I../../.././include -I../../.././ext/digest/rmd160 -I../../.././ext/digest/rmd160/..  -D_FILE_OFFSET_BITS=64   -O3 -fno-fast-math -ggdb3 -Wall -Wextra -Wno-unused-parameter -Wno-parentheses -Wno-long-long -Wno-missing-field-initializers -Wunused-variable -Wpointer-arith -Wwrite-strings -Wdeclaration-after-statement -Wimplicit-function-declaration  conftest.c  -L. -L../../.. -L. -fstack-protector -rdynamic -Wl,-export-dynamic     -lcrypto  -lssl -lcrypto -Wl,-R -Wl,/usr/local/lib -L/usr/local/lib -lruby-static -Werror=deprecated-declarations -lcrypto  -lssl -lcrypto -lpthread -lrt -ldl -lcrypt -lm   -lc"
conftest.c: In function ‘t’:
conftest.c:7:57: error: ‘RMD160_Transform’ undeclared (first use in this function)
conftest.c:7:57: note: each undeclared identifier is reported only once for each function it appears in
conftest.c:7:32: warning: variable ‘p’ set but not used [-Wunused-but-set-variable]
checked program was:
/* begin */
 1: #include "ruby.h"
 2: 
 3: #include <openssl/ripemd.h>
 4: 
 5: /*top*/
 6: extern int t(void);
 7: int t(void) { void ((*volatile p)()); p = (void ((*)()))RMD160_Transform; return 0; }
 8: int main(int argc, char **argv)
 9: {
10:   if (argc > 1000000) {
11:     printf("%p", &t);
12:   }
13: 
14:   return 0;
15: }
/* end */

"gcc -o conftest -I../../../.ext/include/i686-linux -I../../.././include -I../../.././ext/digest/rmd160 -I../../.././ext/digest/rmd160/..  -D_FILE_OFFSET_BITS=64   -O3 -fno-fast-math -ggdb3 -Wall -Wextra -Wno-unused-parameter -Wno-parentheses -Wno-long-long -Wno-missing-field-initializers -Wunused-variable -Wpointer-arith -Wwrite-strings -Wdeclaration-after-statement -Wimplicit-function-declaration  conftest.c  -L. -L../../.. -L. -fstack-protector -rdynamic -Wl,-export-dynamic     -lcrypto  -lssl -lcrypto -Wl,-R -Wl,/usr/local/lib -L/usr/local/lib -lruby-static -Werror=deprecated-declarations -lcrypto  -lssl -lcrypto -lpthread -lrt -ldl -lcrypt -lm   -lc"
conftest.c: In function ‘t’:
conftest.c:7:1: warning: implicit declaration of function ‘RMD160_Transform’ [-Wimplicit-function-declaration]
/tmp/ccgoKGeJ.o: In function `t':
/home/saasbook/Documents/pinfo_datagui/ruby-2.0.0-p481/ext/digest/rmd160/conftest.c:7: undefined reference to `RMD160_Transform'
collect2: ld returned 1 exit status
checked program was:
/* begin */
 1: #include "ruby.h"
 2: 
 3: #include <openssl/ripemd.h>
 4: 
 5: /*top*/
 6: extern int t(void);
 7: int t(void) { RMD160_Transform(); return 0; }
 8: int main(int argc, char **argv)
 9: {
10:   if (argc > 1000000) {
11:     printf("%p", &t);
12:   }
13: 
14:   return 0;
15: }
/* end */

--------------------

have_header: checking for sys/cdefs.h... -------------------- yes

"gcc -E -I../../../.ext/include/i686-linux -I../../.././include -I../../.././ext/digest/rmd160 -I../../.././ext/digest/rmd160/..  -D_FILE_OFFSET_BITS=64   -O3 -fno-fast-math -ggdb3 -Wall -Wextra -Wno-unused-parameter -Wno-parentheses -Wno-long-long -Wno-missing-field-initializers -Wunused-variable -Wpointer-arith -Wwrite-strings -Wdeclaration-after-statement -Wimplicit-function-declaration   conftest.c -o conftest.i"
checked program was:
/* begin */
1: #include "ruby.h"
2: 
3: #include <sys/cdefs.h>
/* end */

--------------------

extconf.h is:
/* begin */
1: #ifndef EXTCONF_H
2: #define EXTCONF_H
3: #define NDEBUG 1
4: #define HAVE_CONFIG_H 1
5: #define HAVE_SYS_CDEFS_H 1
6: #endif
/* end */

